2021/10/11-16:30:18 DEBUG Loaded expression factory via original TCCL - o.h.v.m.ResourceBundleMessageInterpolator - [background-preinit]
2021/10/11-16:30:19 INFO  Starting OnlinejudgeApplication v0.0.1-SNAPSHOT on server-wsb8qfb9 with PID 378768 (/home/yangxiaomao/OJ/springBoot/OnlineJudge.jar started by yangxiaomao in /home/yangxiaomao/OJ/springBoot) - c.s.o.OnlinejudgeApplication - [main]
2021/10/11-16:30:19 INFO  No active profile set, falling back to default profiles: default - c.s.o.OnlinejudgeApplication - [main]
2021/10/11-16:30:20 INFO  Multiple Spring Data modules found, entering strict repository configuration mode! - o.s.d.r.c.RepositoryConfigurationDelegate - [main]
2021/10/11-16:30:20 INFO  Bootstrapping Spring Data repositories in DEFAULT mode. - o.s.d.r.c.RepositoryConfigurationDelegate - [main]
2021/10/11-16:30:20 INFO  Finished Spring Data repository scanning in 14ms. Found 0 repository interfaces. - o.s.d.r.c.RepositoryConfigurationDelegate - [main]
2021/10/11-16:30:20 INFO  Bean 'org.springframework.transaction.annotation.ProxyTransactionManagementConfiguration' of type [org.springframework.transaction.annotation.ProxyTransactionManagementConfiguration$$EnhancerBySpringCGLIB$$12ad101e] is not eligible for getting processed by all BeanPostProcessors (for example: not eligible for auto-proxying) - o.s.c.s.PostProcessorRegistrationDelegate$BeanPostProcessorChecker - [main]
2021/10/11-16:30:20 INFO  Tomcat initialized with port(s): 8080 (http) - o.s.b.w.e.tomcat.TomcatWebServer - [main]
2021/10/11-16:30:20 INFO  Initializing ProtocolHandler ["http-nio-127.0.0.1-8080"] - o.a.coyote.http11.Http11NioProtocol - [main]
2021/10/11-16:30:20 INFO  Starting service [Tomcat] - o.a.catalina.core.StandardService - [main]
2021/10/11-16:30:20 INFO  Starting Servlet Engine: Apache Tomcat/9.0.12 - o.a.catalina.core.StandardEngine - [main]
2021/10/11-16:30:20 INFO  The APR based Apache Tomcat Native library which allows optimal performance in production environments was not found on the java.library.path: [/usr/java/packages/lib:/usr/lib/x86_64-linux-gnu/jni:/lib/x86_64-linux-gnu:/usr/lib/x86_64-linux-gnu:/usr/lib/jni:/lib:/usr/lib] - o.a.c.core.AprLifecycleListener - [main]
2021/10/11-16:30:20 INFO  Initializing Spring embedded WebApplicationContext - o.a.c.c.C.[.[.[/OnlineJudge] - [main]
2021/10/11-16:30:20 INFO  Root WebApplicationContext: initialization completed in 1742 ms - o.s.web.context.ContextLoader - [main]
2021/10/11-16:30:21 INFO  Mapping filter: 'characterEncodingFilter' to: [/*] - o.s.b.w.s.FilterRegistrationBean - [main]
2021/10/11-16:30:21 INFO  Mapping filter: 'myFilter' to urls: [/*] - o.s.b.w.s.FilterRegistrationBean - [main]
2021/10/11-16:30:21 INFO  Filter myFilter was not registered (possibly already registered?) - o.s.b.web.servlet.RegistrationBean - [main]
2021/10/11-16:30:21 INFO  Servlet dispatcherServlet mapped to [/] - o.s.b.w.s.ServletRegistrationBean - [main]
2021/10/11-16:30:22 INFO  Starting ProtocolHandler ["http-nio-127.0.0.1-8080"] - o.a.coyote.http11.Http11NioProtocol - [main]
2021/10/11-16:30:22 INFO  Using a shared selector for servlet write/read - o.a.tomcat.util.net.NioSelectorPool - [main]
2021/10/11-16:30:22 INFO  Tomcat started on port(s): 8080 (http) with context path '/OnlineJudge' - o.s.b.w.e.tomcat.TomcatWebServer - [main]
2021/10/11-16:30:22 INFO  Started OnlinejudgeApplication in 4.22 seconds (JVM running for 4.715) - c.s.o.OnlinejudgeApplication - [main]
