2023-03-08 20:56:13 EnqueueData {
    "filePath": "/archive/zip/2966.zip",
    "userId": "8",
    "expId": "2",
    "fileId": "2966"
}
2023-03-08 20:56:13 DequeueData delivered to 127.0.0.1:9999{
    "filePath": "/archive/zip/2966.zip",
    "userId": "8",
    "expId": "2",
    "fileId": "2966"
}
2023-03-08 20:58:22 EnqueueData {
    "filePath": "/archive/zip/2967.zip",
    "userId": "8",
    "expId": "2",
    "fileId": "2967"
}
2023-03-08 20:58:22 DequeueData delivered to 127.0.0.1:9999{
    "filePath": "/archive/zip/2967.zip",
    "userId": "8",
    "expId": "2",
    "fileId": "2967"
}
2023-03-08 21:01:37 EnqueueData {
    "filePath": "/archive/zip/2968.zip",
    "userId": "8",
    "expId": "2",
    "fileId": "2968"
}
2023-03-08 21:01:38 DequeueData delivered to 127.0.0.1:99992023-03-08 21:02:23 EnqueueData 2023-03-08 21:02:23 DequeueData delivered to 127.0.0.1:9999{
    "filePath": "/archive/zip/2969.zip",
    "userId": "8",
    "expId": "2",
    "fileId": "2969"
}
2023-03-08 21:17:11 EnqueueData 2023-03-08 21:17:12 DequeueData delivered to 127.0.0.1:9999{
    "filePath": "/archive/zip/2970.zip",
    "userId": "8",
    "expId": "2",
    "fileId": "2970"
}
2023-03-08 21:21:21 EnqueueData 2023-03-08 21:21:21 DequeueData delivered to 127.0.0.1:9999{
    "filePath": "/archive/zip/2971.zip",
    "userId": "8",
    "expId": "2",
    "fileId": "2971"
}
2023-03-08 21:22:49 EnqueueData 2023-03-08 21:22:50 DequeueData delivered to 127.0.0.1:9999{
    "filePath": "/archive/zip/2972.zip",
    "userId": "8",
    "expId": "2",
    "fileId": "2972"
}
2023-03-08 21:23:39 EnqueueData 2023-03-08 21:23:39 DequeueData delivered to 127.0.0.1:99992023-03-08 21:24:25 EnqueueData {
    "filePath": "/archive/zip/2974.zip",
    "userId": "8",
    "expId": "2",
    "fileId": "2974"
}
2023-03-08 21:24:25 DequeueData delivered to 127.0.0.1:9999{
    "filePath": "/archive/zip/2974.zip",
    "userId": "8",
    "expId": "2",
    "fileId": "2974"
}
2023-03-08 21:24:25 ReceiveResult 2023-03-08 21:32:42 EnqueueData {
    "filePath": "/archive/zip/2975.zip",
    "userId": "8",
    "expId": "2",
    "fileId": "2975"
}
2023-03-08 21:32:42 DequeueData delivered to 127.0.0.1:9999{
    "filePath": "/archive/zip/2975.zip",
    "userId": "8",
    "expId": "2",
    "fileId": "2975"
}
2023-03-08 21:38:03 EnqueueData {
    "filePath": "/archive/zip/2976.zip",
    "userId": "8",
    "expId": "2",
    "fileId": "2976"
}
2023-03-08 21:38:03 DequeueData delivered to 127.0.0.1:9999{
    "filePath": "/archive/zip/2976.zip",
    "userId": "8",
    "expId": "2",
    "fileId": "2976"
}
2023-03-08 22:09:42 EnqueueData {
    "filePath": "/archive/zip/2977.zip",
    "userId": "8",
    "expId": "2",
    "fileId": "2977"
}
2023-03-08 22:09:42 DequeueData delivered to 127.0.0.1:9999{
    "filePath": "/archive/zip/2977.zip",
    "userId": "8",
    "expId": "2",
    "fileId": "2977"
}
2023-03-08 22:10:44 ReceiveResult {
    "fileId": "2977",
    "expId": 2,
    "userId": "8",
    "filePath": "/archive/zip/2977.zip",
    "status": "300",
    "statusDescr": "ping_test:Fail;   ping_loop_test:Pass;   h1_iperf_h2h3_test:Pass;   h2h3_iperf_h1_test:Pass;   ",
    "test": null,
    "ip": "192.168.0.230"
}
2023-03-08 22:13:19 Remove the file /archive/zip/2977.zip
2023-03-08 22:14:00 EnqueueData {
    "filePath": "/archive/zip/2978.zip",
    "userId": "8",
    "expId": "2",
    "fileId": "2978"
}
2023-03-08 22:14:01 DequeueData delivered to 192.168.0.173:9999{
    "filePath": "/archive/zip/2978.zip",
    "userId": "8",
    "expId": "2",
    "fileId": "2978"
}
2023-03-08 22:14:17 EnqueueData {
    "filePath": "/archive/zip/2979.zip",
    "userId": "8",
    "expId": "2",
    "fileId": "2979"
}
2023-03-08 22:14:17 DequeueData delivered to 127.0.0.1:9999{
    "filePath": "/archive/zip/2979.zip",
    "userId": "8",
    "expId": "2",
    "fileId": "2979"
}
2023-03-08 22:15:19 ReceiveResult {
    "fileId": "2979",
    "expId": 2,
    "userId": "8",
    "filePath": "/archive/zip/2979.zip",
    "status": "300",
    "statusDescr": "ping_test:Fail;   ping_loop_test:Pass;   h1_iperf_h2h3_test:Pass;   h2h3_iperf_h1_test:Pass;   ",
    "test": null,
    "ip": "192.168.0.230"
}
2023-03-08 22:15:19 Remove the file /archive/zip/2979.zip
2023-03-08 22:22:22 EnqueueData {
    "filePath": "/archive/zip/2980.zip",
    "userId": "8",
    "expId": "2",
    "fileId": "2980"
}
2023-03-08 22:22:22 DequeueData delivered to 127.0.0.1:9999{
    "filePath": "/archive/zip/2980.zip",
    "userId": "8",
    "expId": "2",
    "fileId": "2980"
}
2023-03-08 22:23:00 ReceiveResult {
    "fileId": "2980",
    "expId": 2,
    "userId": "8",
    "filePath": "/archive/zip/2980.zip",
    "status": "300",
    "statusDescr": "ping_test:Fail;   ping_loop_test:Pass;   h1_iperf_h2h3_test:Pass;   h2h3_iperf_h1_test:Pass;   ",
    "test": null,
    "ip": "192.168.0.230"
}
2023-03-08 22:23:00 Remove the file /archive/zip/2980.zip
2023-03-08 22:27:10 EnqueueData {
    "filePath": "/archive/zip/2981.zip",
    "userId": "8",
    "expId": "2",
    "fileId": "2981"
}
2023-03-08 22:27:10 DequeueData delivered to 127.0.0.1:9999{
    "filePath": "/archive/zip/2981.zip",
    "userId": "8",
    "expId": "2",
    "fileId": "2981"
}
2023-03-08 22:27:47 ReceiveResult {
    "fileId": "2981",
    "expId": 2,
    "userId": "8",
    "filePath": "/archive/zip/2981.zip",
    "status": "300",
    "statusDescr": "ping_test:Fail;   ping_loop_test:Pass;   h1_iperf_h2h3_test:Pass;   h2h3_iperf_h1_test:Pass;   ",
    "test": null,
    "ip": "192.168.0.230"
}
2023-03-08 22:27:47 Remove the file /archive/zip/2981.zip
2023-03-09 09:56:09 EnqueueData {
    "filePath": "/archive/zip/2982.zip",
    "userId": "8",
    "expId": "2",
    "fileId": "2982"
}
2023-03-09 09:56:09 DequeueData delivered to 127.0.0.1:9999{
    "filePath": "/archive/zip/2982.zip",
    "userId": "8",
    "expId": "2",
    "fileId": "2982"
}
2023-03-09 09:56:09 ReceiveResult {
    "fileId": "2982",
    "expId": 2,
    "userId": "8",
    "filePath": "/archive/zip/2982.zip",
    "status": "200",
    "statusDescr": "没有检测到Makefile",
    "test": null,
    "ip": "192.168.0.230"
}
2023-03-09 09:56:09 Remove the file /archive/zip/2982.zip
2023-03-09 10:06:13 EnqueueData {
    "filePath": "/archive/zip/2983.zip",
    "userId": "8",
    "expId": "2",
    "fileId": "2983"
}
2023-03-09 10:06:13 DequeueData delivered to 192.168.0.173:9999{
    "filePath": "/archive/zip/2983.zip",
    "userId": "8",
    "expId": "2",
    "fileId": "2983"
}
2023-03-09 10:06:33 EnqueueData {
    "filePath": "/archive/zip/2984.zip",
    "userId": "8",
    "expId": "2",
    "fileId": "2984"
}
2023-03-09 10:06:33 DequeueData delivered to 127.0.0.1:9999{
    "filePath": "/archive/zip/2984.zip",
    "userId": "8",
    "expId": "2",
    "fileId": "2984"
}
2023-03-09 10:06:34 ReceiveResult {
    "fileId": "2984",
    "expId": 2,
    "userId": "8",
    "filePath": "/archive/zip/2984.zip",
    "status": "200",
    "statusDescr": "没有检测到Makefile",
    "test": null,
    "ip": "192.168.0.230"
}
2023-03-09 10:06:34 Remove the file /archive/zip/2984.zip
2023-03-09 10:06:34 ReturnSun {"code": 500, "message": "", "data": "{\n    \"fileId\": \"2984\",\n    \"expId\": 2,\n    \"userId\": \"8\",\n    \"filePath\": \"/archive/zip/2984.zip\",\n    \"status\": \"200\",\n    \"statusDescr\": \"\u6ca1\u6709\u68c0\u6d4b\u5230Makefile\",\n    \"test\": null,\n    \"ip\": \"192.168.0.230\"\n}"}
2023-03-09 10:07:31 EnqueueData {
    "filePath": "/archive/zip/2985.zip",
    "userId": "8",
    "expId": "2",
    "fileId": "2985"
}
2023-03-09 10:07:32 DequeueData delivered to 127.0.0.1:9999{
    "filePath": "/archive/zip/2985.zip",
    "userId": "8",
    "expId": "2",
    "fileId": "2985"
}
2023-03-09 10:07:32 ReceiveResult {
    "fileId": "2985",
    "expId": 2,
    "userId": "8",
    "filePath": "/archive/zip/2985.zip",
    "status": "200",
    "statusDescr": "没有检测到Makefile",
    "test": null,
    "ip": "192.168.0.230"
}
2023-03-09 10:07:32 Remove the file /archive/zip/2985.zip
2023-03-09 10:07:32 ReturnSun {"code": 500, "message": "", "data": "{\n    \"fileId\": \"2985\",\n    \"expId\": 2,\n    \"userId\": \"8\",\n    \"filePath\": \"/archive/zip/2985.zip\",\n    \"status\": \"200\",\n    \"statusDescr\": \"\u6ca1\u6709\u68c0\u6d4b\u5230Makefile\",\n    \"test\": null,\n    \"ip\": \"192.168.0.230\"\n}"}
2023-03-09 10:11:49 EnqueueData {
    "filePath": "/archive/zip/2986.zip",
    "userId": "8",
    "expId": "2",
    "fileId": "2986"
}
2023-03-09 10:11:49 DequeueData delivered to 192.168.0.173:9999{
    "filePath": "/archive/zip/2986.zip",
    "userId": "8",
    "expId": "2",
    "fileId": "2986"
}
2023-03-09 10:15:10 EnqueueData {
    "filePath": "/archive/zip/2987.zip",
    "userId": "8",
    "expId": "2",
    "fileId": "2987"
}
2023-03-09 10:15:10 DequeueData delivered to 127.0.0.1:9999{
    "filePath": "/archive/zip/2987.zip",
    "userId": "8",
    "expId": "2",
    "fileId": "2987"
}
2023-03-09 10:16:09 ReceiveResult {
    "fileId": "2987",
    "expId": 2,
    "userId": "8",
    "filePath": "/archive/zip/2987.zip",
    "status": "300",
    "statusDescr": "ping_test:Fail;   ping_loop_test:Pass;   h1_iperf_h2h3_test:Pass;   h2h3_iperf_h1_test:Pass;   ",
    "test": null,
    "ip": "127.0.0.1"
}
2023-03-09 10:16:09 Remove the file /archive/zip/2987.zip
2023-03-09 10:16:09 ReturnSun {"code": 500, "message": "", "data": "{\n    \"fileId\": \"2987\",\n    \"expId\": 2,\n    \"userId\": \"8\",\n    \"filePath\": \"/archive/zip/2987.zip\",\n    \"status\": \"300\",\n    \"statusDescr\": \"ping_test:Fail;   ping_loop_test:Pass;   h1_iperf_h2h3_test:Pass;   h2h3_iperf_h1_test:Pass;   \",\n    \"test\": null,\n    \"ip\": \"127.0.0.1\"\n}"}
2023-03-09 10:17:05 EnqueueData {
    "filePath": "/archive/zip/2988.zip",
    "userId": "8",
    "expId": "2",
    "fileId": "2988"
}
2023-03-09 10:17:05 DequeueData delivered to 127.0.0.1:9999{
    "filePath": "/archive/zip/2988.zip",
    "userId": "8",
    "expId": "2",
    "fileId": "2988"
}
2023-03-09 10:18:14 ReceiveResult {
    "fileId": "2988",
    "expId": 2,
    "userId": "8",
    "filePath": "/archive/zip/2988.zip",
    "status": "300",
    "statusDescr": "ping_test:Fail;   ping_loop_test:Pass;   h1_iperf_h2h3_test:Pass;   h2h3_iperf_h1_test:Pass;   ",
    "test": null,
    "ip": "127.0.0.1"
}
2023-03-09 10:18:14 Remove the file /archive/zip/2988.zip
2023-03-09 10:18:14 ReturnSun {"code": 500, "message": "", "data": "{\n    \"fileId\": \"2988\",\n    \"expId\": 2,\n    \"userId\": \"8\",\n    \"filePath\": \"/archive/zip/2988.zip\",\n    \"status\": \"300\",\n    \"statusDescr\": \"ping_test:Fail;   ping_loop_test:Pass;   h1_iperf_h2h3_test:Pass;   h2h3_iperf_h1_test:Pass;   \",\n    \"test\": null,\n    \"ip\": \"127.0.0.1\"\n}"}
2023-03-09 10:33:47 EnqueueData {
    "filePath": "/archive/zip/2989.zip",
    "userId": "8",
    "expId": "2",
    "fileId": "2989"
}
2023-03-09 10:33:47 DequeueData delivered to 127.0.0.1:9999{
    "filePath": "/archive/zip/2989.zip",
    "userId": "8",
    "expId": "2",
    "fileId": "2989"
}
2023-03-09 10:34:42 ReceiveResult {
    "fileId": "2989",
    "expId": 2,
    "userId": "8",
    "filePath": "/archive/zip/2989.zip",
    "status": "300",
    "statusDescr": "ping_test:Fail;   ping_loop_test:Pass;   h1_iperf_h2h3_test:Pass;   h2h3_iperf_h1_test:Pass;   ",
    "test": null,
    "ip": "127.0.0.1"
}
2023-03-09 10:34:43 Remove the file /archive/zip/2989.zip
2023-03-09 10:34:43 ReturnSun {"code": 500, "message": "", "data": "{\n    \"fileId\": \"2989\",\n    \"expId\": 2,\n    \"userId\": \"8\",\n    \"filePath\": \"/archive/zip/2989.zip\",\n    \"status\": \"300\",\n    \"statusDescr\": \"ping_test:Fail;   ping_loop_test:Pass;   h1_iperf_h2h3_test:Pass;   h2h3_iperf_h1_test:Pass;   \",\n    \"test\": null,\n    \"ip\": \"127.0.0.1\"\n}"}
2023-03-09 10:49:29 EnqueueData {
    "filePath": "/archive/zip/2990.zip",
    "userId": "8",
    "expId": "2",
    "fileId": "2990"
}
2023-03-09 10:49:29 DequeueData delivered to 127.0.0.1:9999{
    "filePath": "/archive/zip/2990.zip",
    "userId": "8",
    "expId": "2",
    "fileId": "2990"
}
2023-03-09 10:50:25 ReceiveResult {
    "fileId": "2990",
    "expId": 2,
    "userId": "8",
    "filePath": "/archive/zip/2990.zip",
    "status": "300",
    "statusDescr": "ping_test:Fail;   ping_loop_test:Pass;   h1_iperf_h2h3_test:Pass;   h2h3_iperf_h1_test:Pass;   ",
    "test": null,
    "ip": "127.0.0.1"
}
2023-03-09 10:50:25 Remove the file /archive/zip/2990.zip
2023-03-09 10:50:25 ReturnSun {"code": 500, "message": "", "data": "{\n    \"fileId\": \"2990\",\n    \"expId\": 2,\n    \"userId\": \"8\",\n    \"filePath\": \"/archive/zip/2990.zip\",\n    \"status\": \"300\",\n    \"statusDescr\": \"ping_test:Fail;   ping_loop_test:Pass;   h1_iperf_h2h3_test:Pass;   h2h3_iperf_h1_test:Pass;   \",\n    \"test\": null,\n    \"ip\": \"127.0.0.1\"\n}"}
2023-03-14 20:00:53 EnqueueData {
    "filePath": "/archive/zip/2991.zip",
    "userId": "8",
    "expId": "2",
    "fileId": "2991"
}
2023-03-14 20:00:53 DequeueData delivered to 127.0.0.1:9999{
    "filePath": "/archive/zip/2991.zip",
    "userId": "8",
    "expId": "2",
    "fileId": "2991"
}
2023-03-14 20:01:48 ReceiveResult {
    "fileId": "2991",
    "expId": 2,
    "userId": "8",
    "filePath": "/archive/zip/2991.zip",
    "status": "300",
    "statusDescr": "ping_test:Fail;   ping_loop_test:Pass;   h1_iperf_h2h3_test:Pass;   h2h3_iperf_h1_test:Pass;   ",
    "test": null,
    "ip": "127.0.0.1"
}
2023-03-14 20:01:48 Remove the file /archive/zip/2991.zip
2023-03-14 20:01:48 ReturnSun {"code": 500, "message": "", "data": "{\n    \"fileId\": \"2991\",\n    \"expId\": 2,\n    \"userId\": \"8\",\n    \"filePath\": \"/archive/zip/2991.zip\",\n    \"status\": \"300\",\n    \"statusDescr\": \"ping_test:Fail;   ping_loop_test:Pass;   h1_iperf_h2h3_test:Pass;   h2h3_iperf_h1_test:Pass;   \",\n    \"test\": null,\n    \"ip\": \"127.0.0.1\"\n}"}
2023-03-14 21:07:10 EnqueueData {
    "filePath": "/archive/zip/2992.zip",
    "userId": "8",
    "expId": "2",
    "fileId": "2992"
}
2023-03-14 21:07:10 DequeueData delivered to 192.168.0.230:9999{
    "filePath": "/archive/zip/2992.zip",
    "userId": "8",
    "expId": "2",
    "fileId": "2992"
}
2023-03-14 21:08:06 ReceiveResult {
    "fileId": "2992",
    "expId": 2,
    "userId": "8",
    "filePath": "/archive/zip/2992.zip",
    "status": "300",
    "statusDescr": "ping_test:Fail;   ping_loop_test:Pass;   h1_iperf_h2h3_test:Pass;   h2h3_iperf_h1_test:Pass;   ",
    "test": null,
    "ip": "127.0.0.1"
}
2023-03-14 21:08:06 Remove the file /archive/zip/2992.zip
2023-03-14 21:08:06 ReturnSun {"code": 500, "message": "", "data": "{\n    \"fileId\": \"2992\",\n    \"expId\": 2,\n    \"userId\": \"8\",\n    \"filePath\": \"/archive/zip/2992.zip\",\n    \"status\": \"300\",\n    \"statusDescr\": \"ping_test:Fail;   ping_loop_test:Pass;   h1_iperf_h2h3_test:Pass;   h2h3_iperf_h1_test:Pass;   \",\n    \"test\": null,\n    \"ip\": \"127.0.0.1\"\n}"}
2023-03-14 21:08:48 EnqueueData {
    "filePath": "/archive/zip/2993.zip",
    "userId": "8",
    "expId": "2",
    "fileId": "2993"
}
2023-03-14 21:08:48 DequeueData delivered to 192.168.0.217:9999{
    "filePath": "/archive/zip/2993.zip",
    "userId": "8",
    "expId": "2",
    "fileId": "2993"
}
2023-03-14 21:13:05 EnqueueData {
    "filePath": "/archive/zip/2994.zip",
    "userId": "8",
    "expId": "2",
    "fileId": "2994"
}
2023-03-14 21:13:06 DequeueData delivered to 192.168.0.217:9999{
    "filePath": "/archive/zip/2994.zip",
    "userId": "8",
    "expId": "2",
    "fileId": "2994"
}
2023-03-14 21:37:45 EnqueueData {
    "filePath": "/archive/zip/2995.zip",
    "userId": "8",
    "expId": "2",
    "fileId": "2995"
}
2023-03-14 21:37:46 DequeueData delivered to 192.168.0.217:9999{
    "filePath": "/archive/zip/2995.zip",
    "userId": "8",
    "expId": "2",
    "fileId": "2995"
}
2023-03-14 21:40:27 EnqueueData {
    "filePath": "/archive/zip/2996.zip",
    "userId": "8",
    "expId": "2",
    "fileId": "2996"
}
2023-03-14 21:40:27 DequeueData delivered to 192.168.0.217:9999{
    "filePath": "/archive/zip/2996.zip",
    "userId": "8",
    "expId": "2",
    "fileId": "2996"
}
2023-03-14 21:41:13 ReceiveResult {
    "fileId": "2996",
    "expId": 2,
    "userId": "8",
    "filePath": "/archive/zip/2996.zip",
    "status": "300",
    "statusDescr": "ping_test:Fail;   ping_loop_test:Pass;   h1_iperf_h2h3_test:Pass;   h2h3_iperf_h1_test:Pass;   ",
    "test": null,
    "ip": "192.168.0.217"
}
2023-03-14 21:41:13 Remove the file /archive/zip/2996.zip
2023-03-14 21:41:13 ReturnSun {"code": 500, "message": "", "data": "{\n    \"fileId\": \"2996\",\n    \"expId\": 2,\n    \"userId\": \"8\",\n    \"filePath\": \"/archive/zip/2996.zip\",\n    \"status\": \"300\",\n    \"statusDescr\": \"ping_test:Fail;   ping_loop_test:Pass;   h1_iperf_h2h3_test:Pass;   h2h3_iperf_h1_test:Pass;   \",\n    \"test\": null,\n    \"ip\": \"192.168.0.217\"\n}"}
2023-03-14 21:41:25 EnqueueData {
    "filePath": "/archive/zip/2997.zip",
    "userId": "8",
    "expId": "2",
    "fileId": "2997"
}
2023-03-14 21:41:25 DequeueData delivered to 192.168.0.217:9999{
    "filePath": "/archive/zip/2997.zip",
    "userId": "8",
    "expId": "2",
    "fileId": "2997"
}
2023-03-14 21:41:31 EnqueueData {
    "filePath": "/archive/zip/2998.zip",
    "userId": "8",
    "expId": "2",
    "fileId": "2998"
}
2023-03-14 21:41:32 DequeueData delivered to 192.168.0.230:9999{
    "filePath": "/archive/zip/2998.zip",
    "userId": "8",
    "expId": "2",
    "fileId": "2998"
}
2023-03-14 21:42:11 ReceiveResult {
    "fileId": "2997",
    "expId": 2,
    "userId": "8",
    "filePath": "/archive/zip/2997.zip",
    "status": "300",
    "statusDescr": "ping_test:Fail;   ping_loop_test:Pass;   h1_iperf_h2h3_test:Pass;   h2h3_iperf_h1_test:Pass;   ",
    "test": null,
    "ip": "192.168.0.217"
}
2023-03-14 21:42:11 Remove the file /archive/zip/2997.zip
2023-03-14 21:42:11 ReturnSun {"code": 500, "message": "", "data": "{\n    \"fileId\": \"2997\",\n    \"expId\": 2,\n    \"userId\": \"8\",\n    \"filePath\": \"/archive/zip/2997.zip\",\n    \"status\": \"300\",\n    \"statusDescr\": \"ping_test:Fail;   ping_loop_test:Pass;   h1_iperf_h2h3_test:Pass;   h2h3_iperf_h1_test:Pass;   \",\n    \"test\": null,\n    \"ip\": \"192.168.0.217\"\n}"}
2023-03-14 21:42:27 ReceiveResult {
    "fileId": "2998",
    "expId": 2,
    "userId": "8",
    "filePath": "/archive/zip/2998.zip",
    "status": "300",
    "statusDescr": "ping_test:Fail;   ping_loop_test:Pass;   h1_iperf_h2h3_test:Pass;   h2h3_iperf_h1_test:Pass;   ",
    "test": null,
    "ip": "192.168.0.230"
}
2023-03-14 21:42:27 Remove the file /archive/zip/2998.zip
2023-03-14 21:42:27 ReturnSun {"code": 500, "message": "", "data": "{\n    \"fileId\": \"2998\",\n    \"expId\": 2,\n    \"userId\": \"8\",\n    \"filePath\": \"/archive/zip/2998.zip\",\n    \"status\": \"300\",\n    \"statusDescr\": \"ping_test:Fail;   ping_loop_test:Pass;   h1_iperf_h2h3_test:Pass;   h2h3_iperf_h1_test:Pass;   \",\n    \"test\": null,\n    \"ip\": \"192.168.0.230\"\n}"}
2023-03-27 23:10:25 EnqueueData {
    "filePath": "/archive/zip/2999.zip",
    "userId": "8",
    "expId": "13",
    "fileId": "2999"
}
2023-03-27 23:10:25 DequeueData delivered to 192.168.0.217:9999{
    "filePath": "/archive/zip/2999.zip",
    "userId": "8",
    "expId": "13",
    "fileId": "2999"
}
2023-03-27 23:10:25 ReceiveResult {
    "fileId": "2999",
    "expId": 13,
    "userId": "8",
    "filePath": "/archive/zip/2999.zip",
    "status": "200",
    "statusDescr": "编译失败",
    "test": null,
    "ip": "192.168.0.217"
}
2023-03-27 23:10:26 ReturnSun {"code": 500, "message": "", "data": "{\n    \"fileId\": \"2999\",\n    \"expId\": 13,\n    \"userId\": \"8\",\n    \"filePath\": \"/archive/zip/2999.zip\",\n    \"status\": \"200\",\n    \"statusDescr\": \"\u7f16\u8bd1\u5931\u8d25\",\n    \"test\": null,\n    \"ip\": \"192.168.0.217\"\n}"}
2023-03-27 23:11:25 Remove the file /archive/zip/2999.zip
2023-03-27 23:14:09 EnqueueData {
    "filePath": "/archive/zip/3000.zip",
    "userId": "8",
    "expId": "13",
    "fileId": "3000"
}
2023-03-27 23:14:10 DequeueData delivered to 192.168.0.217:9999{
    "filePath": "/archive/zip/3000.zip",
    "userId": "8",
    "expId": "13",
    "fileId": "3000"
}
2023-03-27 23:14:10 ReceiveResult {
    "fileId": "3000",
    "expId": 13,
    "userId": "8",
    "filePath": "/archive/zip/3000.zip",
    "status": "200",
    "statusDescr": "编译失败",
    "test": null,
    "ip": "192.168.0.217"
}
2023-03-27 23:14:10 Remove the file /archive/zip/3000.zip
2023-03-27 23:14:10 ReturnSun {"code": 500, "message": "", "data": "{\n    \"fileId\": \"3000\",\n    \"expId\": 13,\n    \"userId\": \"8\",\n    \"filePath\": \"/archive/zip/3000.zip\",\n    \"status\": \"200\",\n    \"statusDescr\": \"\u7f16\u8bd1\u5931\u8d25\",\n    \"test\": null,\n    \"ip\": \"192.168.0.217\"\n}"}
2023-03-27 23:22:48 EnqueueData {
    "filePath": "/archive/zip/3001.zip",
    "userId": "8",
    "expId": "13",
    "fileId": "3001"
}
2023-03-27 23:22:48 DequeueData delivered to 192.168.0.217:9999{
    "filePath": "/archive/zip/3001.zip",
    "userId": "8",
    "expId": "13",
    "fileId": "3001"
}
2023-03-27 23:22:52 ReceiveResult {
    "fileId": "3001",
    "expId": 13,
    "userId": "8",
    "filePath": "/archive/zip/3001.zip",
    "status": "100",
    "statusDescr": "http_301_test:Pass;   https_200_test:Pass;   http_200_test:Pass;   http_404_test:Pass;   http_in_dir_test:Pass;   http_range1_test:Pass;   http_range2_test:Pass;   ",
    "test": null,
    "ip": "192.168.0.217"
}
2023-03-27 23:22:52 Remove the file /archive/zip/3001.zip
2023-03-27 23:22:52 ReturnSun {"code": 500, "message": "", "data": "{\n    \"fileId\": \"3001\",\n    \"expId\": 13,\n    \"userId\": \"8\",\n    \"filePath\": \"/archive/zip/3001.zip\",\n    \"status\": \"100\",\n    \"statusDescr\": \"http_301_test:Pass;   https_200_test:Pass;   http_200_test:Pass;   http_404_test:Pass;   http_in_dir_test:Pass;   http_range1_test:Pass;   http_range2_test:Pass;   \",\n    \"test\": null,\n    \"ip\": \"192.168.0.217\"\n}"}
2023-03-27 23:23:07 EnqueueData {
    "filePath": "/archive/zip/3002.zip",
    "userId": "8",
    "expId": "13",
    "fileId": "3002"
}
2023-03-27 23:23:07 DequeueData delivered to 192.168.0.217:9999{
    "filePath": "/archive/zip/3002.zip",
    "userId": "8",
    "expId": "13",
    "fileId": "3002"
}
2023-03-27 23:23:10 ReceiveResult {
    "fileId": "3002",
    "expId": 13,
    "userId": "8",
    "filePath": "/archive/zip/3002.zip",
    "status": "100",
    "statusDescr": "http_301_test:Pass;   https_200_test:Pass;   http_200_test:Pass;   http_404_test:Pass;   http_in_dir_test:Pass;   http_range1_test:Pass;   http_range2_test:Pass;   ",
    "test": null,
    "ip": "192.168.0.217"
}
2023-03-27 23:23:10 Remove the file /archive/zip/3002.zip
2023-03-27 23:23:10 ReturnSun {"code": 500, "message": "", "data": "{\n    \"fileId\": \"3002\",\n    \"expId\": 13,\n    \"userId\": \"8\",\n    \"filePath\": \"/archive/zip/3002.zip\",\n    \"status\": \"100\",\n    \"statusDescr\": \"http_301_test:Pass;   https_200_test:Pass;   http_200_test:Pass;   http_404_test:Pass;   http_in_dir_test:Pass;   http_range1_test:Pass;   http_range2_test:Pass;   \",\n    \"test\": null,\n    \"ip\": \"192.168.0.217\"\n}"}
2023-03-27 23:24:38 EnqueueData {
    "filePath": "/archive/zip/3003.zip",
    "userId": "8",
    "expId": "13",
    "fileId": "3003"
}
2023-03-27 23:24:38 DequeueData delivered to 192.168.0.217:9999{
    "filePath": "/archive/zip/3003.zip",
    "userId": "8",
    "expId": "13",
    "fileId": "3003"
}
2023-03-27 23:24:41 ReceiveResult {
    "fileId": "3003",
    "expId": 13,
    "userId": "8",
    "filePath": "/archive/zip/3003.zip",
    "status": "100",
    "statusDescr": "http_301_test:Pass;   https_200_test:Pass;   http_200_test:Pass;   http_404_test:Pass;   http_in_dir_test:Pass;   http_range1_test:Pass;   http_range2_test:Pass;   ",
    "test": null,
    "ip": "192.168.0.217"
}
2023-03-27 23:24:41 Remove the file /archive/zip/3003.zip
2023-03-27 23:24:41 ReturnSun {"code": 500, "message": "", "data": "{\n    \"fileId\": \"3003\",\n    \"expId\": 13,\n    \"userId\": \"8\",\n    \"filePath\": \"/archive/zip/3003.zip\",\n    \"status\": \"100\",\n    \"statusDescr\": \"http_301_test:Pass;   https_200_test:Pass;   http_200_test:Pass;   http_404_test:Pass;   http_in_dir_test:Pass;   http_range1_test:Pass;   http_range2_test:Pass;   \",\n    \"test\": null,\n    \"ip\": \"192.168.0.217\"\n}"}
2023-03-27 23:25:35 EnqueueData {
    "filePath": "/archive/zip/3004.zip",
    "userId": "8",
    "expId": "13",
    "fileId": "3004"
}
2023-03-27 23:25:35 DequeueData delivered to 192.168.0.217:9999{
    "filePath": "/archive/zip/3004.zip",
    "userId": "8",
    "expId": "13",
    "fileId": "3004"
}
2023-03-27 23:25:38 ReceiveResult {
    "fileId": "3004",
    "expId": 13,
    "userId": "8",
    "filePath": "/archive/zip/3004.zip",
    "status": "100",
    "statusDescr": "http_301_test:Pass;   https_200_test:Pass;   http_200_test:Pass;   http_404_test:Pass;   http_in_dir_test:Pass;   http_range1_test:Pass;   http_range2_test:Pass;   ",
    "test": null,
    "ip": "192.168.0.217"
}
2023-03-27 23:25:38 Remove the file /archive/zip/3004.zip
2023-03-27 23:25:38 ReturnSun {"code": 500, "message": "", "data": "{\n    \"fileId\": \"3004\",\n    \"expId\": 13,\n    \"userId\": \"8\",\n    \"filePath\": \"/archive/zip/3004.zip\",\n    \"status\": \"100\",\n    \"statusDescr\": \"http_301_test:Pass;   https_200_test:Pass;   http_200_test:Pass;   http_404_test:Pass;   http_in_dir_test:Pass;   http_range1_test:Pass;   http_range2_test:Pass;   \",\n    \"test\": null,\n    \"ip\": \"192.168.0.217\"\n}"}
2023-03-27 23:26:13 EnqueueData {
    "filePath": "/archive/zip/3005.zip",
    "userId": "8",
    "expId": "13",
    "fileId": "3005"
}
2023-03-27 23:26:13 DequeueData delivered to 192.168.0.230:9999{
    "filePath": "/archive/zip/3005.zip",
    "userId": "8",
    "expId": "13",
    "fileId": "3005"
}
2023-03-27 23:26:18 ReceiveResult {
    "fileId": "3005",
    "expId": 13,
    "userId": "8",
    "filePath": "/archive/zip/3005.zip",
    "status": "100",
    "statusDescr": "http_301_test:Pass;   https_200_test:Pass;   http_200_test:Pass;   http_404_test:Pass;   http_in_dir_test:Pass;   http_range1_test:Pass;   http_range2_test:Pass;   ",
    "test": null,
    "ip": "192.168.0.230"
}
2023-03-27 23:26:18 Remove the file /archive/zip/3005.zip
2023-03-27 23:26:18 ReturnSun {"code": 500, "message": "", "data": "{\n    \"fileId\": \"3005\",\n    \"expId\": 13,\n    \"userId\": \"8\",\n    \"filePath\": \"/archive/zip/3005.zip\",\n    \"status\": \"100\",\n    \"statusDescr\": \"http_301_test:Pass;   https_200_test:Pass;   http_200_test:Pass;   http_404_test:Pass;   http_in_dir_test:Pass;   http_range1_test:Pass;   http_range2_test:Pass;   \",\n    \"test\": null,\n    \"ip\": \"192.168.0.230\"\n}"}
