2023/09/14-09:35:41 INFO  this is myFilter, url: /OnlineJudge/user/powers - c.s.o.common.filter.MyFilter - [http-nio-127.0.0.1-8080-exec-3]
2023/09/14-09:35:41 ERROR JWT expired at 2023-09-06T20:34:13Z. Current time: 2023-09-14T09:35:41Z, a difference of 651688180 milliseconds.  Allowed clock skew: 0 milliseconds. - c.s.o.c.exception.MyExceptionHandler - [http-nio-127.0.0.1-8080-exec-3]
io.jsonwebtoken.ExpiredJwtException: JWT expired at 2023-09-06T20:34:13Z. Current time: 2023-09-14T09:35:41Z, a difference of 651688180 milliseconds.  Allowed clock skew: 0 milliseconds.
	at io.jsonwebtoken.impl.DefaultJwtParser.parse(DefaultJwtParser.java:385)
	at io.jsonwebtoken.impl.DefaultJwtParser.parse(DefaultJwtParser.java:481)
	at io.jsonwebtoken.impl.DefaultJwtParser.parseClaimsJws(DefaultJwtParser.java:541)
	at com.sea.onlinejudge.common.utils.JwtTokenUtil.getClaims(JwtTokenUtil.java:70)
	at com.sea.onlinejudge.common.interceptor.AuthenticationInterceptor.preHandle(AuthenticationInterceptor.java:43)
	at org.springframework.web.servlet.HandlerExecutionChain.applyPreHandle(HandlerExecutionChain.java:136)
	at org.springframework.web.servlet.DispatcherServlet.doDispatch(DispatcherServlet.java:1033)
	at org.springframework.web.servlet.DispatcherServlet.doService(DispatcherServlet.java:942)
	at org.springframework.web.servlet.FrameworkServlet.processRequest(FrameworkServlet.java:998)
	at org.springframework.web.servlet.FrameworkServlet.doGet(FrameworkServlet.java:890)
	at javax.servlet.http.HttpServlet.service(HttpServlet.java:634)
	at org.springframework.web.servlet.FrameworkServlet.service(FrameworkServlet.java:875)
	at javax.servlet.http.HttpServlet.service(HttpServlet.java:741)
	at org.apache.catalina.core.ApplicationFilterChain.internalDoFilter(ApplicationFilterChain.java:231)
	at org.apache.catalina.core.ApplicationFilterChain.doFilter(ApplicationFilterChain.java:166)
	at org.apache.tomcat.websocket.server.WsFilter.doFilter(WsFilter.java:53)
	at org.apache.catalina.core.ApplicationFilterChain.internalDoFilter(ApplicationFilterChain.java:193)
	at org.apache.catalina.core.ApplicationFilterChain.doFilter(ApplicationFilterChain.java:166)
	at com.sea.onlinejudge.common.filter.MyFilter.doFilter(MyFilter.java:36)
	at org.apache.catalina.core.ApplicationFilterChain.internalDoFilter(ApplicationFilterChain.java:193)
	at org.apache.catalina.core.ApplicationFilterChain.doFilter(ApplicationFilterChain.java:166)
	at org.springframework.web.filter.CharacterEncodingFilter.doFilterInternal(CharacterEncodingFilter.java:200)
	at org.springframework.web.filter.OncePerRequestFilter.doFilter(OncePerRequestFilter.java:107)
	at org.apache.catalina.core.ApplicationFilterChain.internalDoFilter(ApplicationFilterChain.java:193)
	at org.apache.catalina.core.ApplicationFilterChain.doFilter(ApplicationFilterChain.java:166)
	at org.apache.catalina.core.StandardWrapperValve.invoke(StandardWrapperValve.java:199)
	at org.apache.catalina.core.StandardContextValve.invoke(StandardContextValve.java:96)
	at org.apache.catalina.authenticator.AuthenticatorBase.invoke(AuthenticatorBase.java:490)
	at org.apache.catalina.core.StandardHostValve.invoke(StandardHostValve.java:139)
	at org.apache.catalina.valves.ErrorReportValve.invoke(ErrorReportValve.java:92)
	at org.apache.catalina.core.StandardEngineValve.invoke(StandardEngineValve.java:74)
	at org.apache.catalina.connector.CoyoteAdapter.service(CoyoteAdapter.java:343)
	at org.apache.coyote.http11.Http11Processor.service(Http11Processor.java:408)
	at org.apache.coyote.AbstractProcessorLight.process(AbstractProcessorLight.java:66)
	at org.apache.coyote.AbstractProtocol$ConnectionHandler.process(AbstractProtocol.java:770)
	at org.apache.tomcat.util.net.NioEndpoint$SocketProcessor.doRun(NioEndpoint.java:1415)
	at org.apache.tomcat.util.net.SocketProcessorBase.run(SocketProcessorBase.java:49)
	at java.base/java.util.concurrent.ThreadPoolExecutor.runWorker(ThreadPoolExecutor.java:1128)
	at java.base/java.util.concurrent.ThreadPoolExecutor$Worker.run(ThreadPoolExecutor.java:628)
	at org.apache.tomcat.util.threads.TaskThread$WrappingRunnable.run(TaskThread.java:61)
	at java.base/java.lang.Thread.run(Thread.java:829)
2023/09/14-09:35:41 INFO  this is myFilter, url: /OnlineJudge/common/verifyCode - c.s.o.common.filter.MyFilter - [http-nio-127.0.0.1-8080-exec-8]
2023/09/14-09:35:47 INFO  this is myFilter, url: /OnlineJudge/user/login - c.s.o.common.filter.MyFilter - [http-nio-127.0.0.1-8080-exec-12]
2023/09/14-09:35:47 INFO  this is myFilter, url: /OnlineJudge/user/powers - c.s.o.common.filter.MyFilter - [http-nio-127.0.0.1-8080-exec-2]
2023/09/14-09:35:49 INFO  this is myFilter, url: /OnlineJudge/user/powers - c.s.o.common.filter.MyFilter - [http-nio-127.0.0.1-8080-exec-13]
2023/09/14-09:42:36 INFO  this is myFilter, url: /OnlineJudge/admin/user/add/many - c.s.o.common.filter.MyFilter - [http-nio-127.0.0.1-8080-exec-11]
2023/09/14-09:42:39 INFO  this is myFilter, url: /OnlineJudge/user/powers - c.s.o.common.filter.MyFilter - [http-nio-127.0.0.1-8080-exec-5]
2023/09/14-09:42:40 INFO  this is myFilter, url: /OnlineJudge/admin/user/list - c.s.o.common.filter.MyFilter - [http-nio-127.0.0.1-8080-exec-7]
