2023-03-08 20:56:13 connect to master
2023-03-08 20:58:22 connect to master
2023-03-08 21:02:23 connect to master
2023-03-08 21:02:26 download finish
2023-03-08 21:17:12 connect to master
2023-03-08 21:17:33 download finish
2023-03-08 21:21:21 connect to master
2023-03-08 21:21:21 download finish
2023-03-08 21:21:21 returnData {
    "fileId": "2971",
    "expId": 2,
    "userId": "8",
    "filePath": "/archive/zip/2971.zip",
    "status": "200",
    "statusDescr": "没有检测到Makefile",
    "test": null,
    "ip": "192.168.0.230"
}
2023-03-08 21:22:50 connect to master
2023-03-08 21:22:50 download finish
2023-03-08 21:22:50 returnData {
    "fileId": "2972",
    "expId": 2,
    "userId": "8",
    "filePath": "/archive/zip/2972.zip",
    "status": "200",
    "statusDescr": "没有检测到Makefile",
    "test": null,
    "ip": "192.168.0.230"
}
2023-03-08 21:24:25 connect to master
2023-03-08 21:24:25 download finish
2023-03-08 21:24:25 returnData {
    "fileId": "2974",
    "expId": 2,
    "userId": "8",
    "filePath": "/archive/zip/2974.zip",
    "status": "200",
    "statusDescr": "没有检测到Makefile",
    "test": null,
    "ip": "192.168.0.230"
}
2023-03-08 21:32:42 connect to master
2023-03-08 21:32:43 download finish
2023-03-08 21:38:03 connect to master
2023-03-08 21:38:03 download finish
2023-03-08 22:09:42 connect to master
2023-03-08 22:09:43 download finish
2023-03-08 22:10:44 returnData {
    "fileId": "2977",
    "expId": 2,
    "userId": "8",
    "filePath": "/archive/zip/2977.zip",
    "status": "300",
    "statusDescr": "ping_test:Fail;   ping_loop_test:Pass;   h1_iperf_h2h3_test:Pass;   h2h3_iperf_h1_test:Pass;   ",
    "test": null,
    "ip": "192.168.0.230"
}
2023-03-08 22:14:17 connect to master
2023-03-08 22:14:17 download finish
2023-03-08 22:15:19 returnData {
    "fileId": "2979",
    "expId": 2,
    "userId": "8",
    "filePath": "/archive/zip/2979.zip",
    "status": "300",
    "statusDescr": "ping_test:Fail;   ping_loop_test:Pass;   h1_iperf_h2h3_test:Pass;   h2h3_iperf_h1_test:Pass;   ",
    "test": null,
    "ip": "192.168.0.230"
}
2023-03-08 22:22:22 connect to master
2023-03-08 22:22:23 download finish
2023-03-08 22:23:00 returnData {
    "fileId": "2980",
    "expId": 2,
    "userId": "8",
    "filePath": "/archive/zip/2980.zip",
    "status": "300",
    "statusDescr": "ping_test:Fail;   ping_loop_test:Pass;   h1_iperf_h2h3_test:Pass;   h2h3_iperf_h1_test:Pass;   ",
    "test": null,
    "ip": "192.168.0.230"
}
2023-03-08 22:27:10 connect to master
2023-03-08 22:27:10 download finish
2023-03-08 22:27:47 returnData {
    "fileId": "2981",
    "expId": 2,
    "userId": "8",
    "filePath": "/archive/zip/2981.zip",
    "status": "300",
    "statusDescr": "ping_test:Fail;   ping_loop_test:Pass;   h1_iperf_h2h3_test:Pass;   h2h3_iperf_h1_test:Pass;   ",
    "test": null,
    "ip": "192.168.0.230"
}
2023-03-09 09:56:09 connect to master
2023-03-09 09:56:09 download finish
2023-03-09 09:56:09 returnData {
    "fileId": "2982",
    "expId": 2,
    "userId": "8",
    "filePath": "/archive/zip/2982.zip",
    "status": "200",
    "statusDescr": "没有检测到Makefile",
    "test": null,
    "ip": "192.168.0.230"
}
2023-03-09 10:06:33 connect to master
2023-03-09 10:06:33 download finish
2023-03-09 10:06:34 returnData {
    "fileId": "2984",
    "expId": 2,
    "userId": "8",
    "filePath": "/archive/zip/2984.zip",
    "status": "200",
    "statusDescr": "没有检测到Makefile",
    "test": null,
    "ip": "192.168.0.230"
}
2023-03-09 10:07:32 connect to master
2023-03-09 10:07:32 download finish
2023-03-09 10:07:32 returnData {
    "fileId": "2985",
    "expId": 2,
    "userId": "8",
    "filePath": "/archive/zip/2985.zip",
    "status": "200",
    "statusDescr": "没有检测到Makefile",
    "test": null,
    "ip": "192.168.0.230"
}
2023-03-09 10:15:10 connect to master
2023-03-09 10:15:11 download finish
2023-03-09 10:16:09 returnData {
    "fileId": "2987",
    "expId": 2,
    "userId": "8",
    "filePath": "/archive/zip/2987.zip",
    "status": "300",
    "statusDescr": "ping_test:Fail;   ping_loop_test:Pass;   h1_iperf_h2h3_test:Pass;   h2h3_iperf_h1_test:Pass;   ",
    "test": null,
    "ip": "127.0.0.1"
}
2023-03-09 10:17:05 connect to master
2023-03-09 10:17:05 download finish
2023-03-09 10:18:14 returnData {
    "fileId": "2988",
    "expId": 2,
    "userId": "8",
    "filePath": "/archive/zip/2988.zip",
    "status": "300",
    "statusDescr": "ping_test:Fail;   ping_loop_test:Pass;   h1_iperf_h2h3_test:Pass;   h2h3_iperf_h1_test:Pass;   ",
    "test": null,
    "ip": "127.0.0.1"
}
2023-03-09 10:33:47 connect to master
2023-03-09 10:33:48 download finish
2023-03-09 10:34:42 returnData {
    "fileId": "2989",
    "expId": 2,
    "userId": "8",
    "filePath": "/archive/zip/2989.zip",
    "status": "300",
    "statusDescr": "ping_test:Fail;   ping_loop_test:Pass;   h1_iperf_h2h3_test:Pass;   h2h3_iperf_h1_test:Pass;   ",
    "test": null,
    "ip": "127.0.0.1"
}
2023-03-09 10:49:29 connect to master
2023-03-09 10:49:30 download finish
2023-03-09 10:50:25 returnData {
    "fileId": "2990",
    "expId": 2,
    "userId": "8",
    "filePath": "/archive/zip/2990.zip",
    "status": "300",
    "statusDescr": "ping_test:Fail;   ping_loop_test:Pass;   h1_iperf_h2h3_test:Pass;   h2h3_iperf_h1_test:Pass;   ",
    "test": null,
    "ip": "127.0.0.1"
}
2023-03-14 20:00:53 connect to master
2023-03-14 20:00:53 download finish
2023-03-14 20:01:48 returnData {
    "fileId": "2991",
    "expId": 2,
    "userId": "8",
    "filePath": "/archive/zip/2991.zip",
    "status": "300",
    "statusDescr": "ping_test:Fail;   ping_loop_test:Pass;   h1_iperf_h2h3_test:Pass;   h2h3_iperf_h1_test:Pass;   ",
    "test": null,
    "ip": "127.0.0.1"
}
2023-03-14 21:07:10 connect to master
2023-03-14 21:07:11 download finish
2023-03-14 21:08:06 returnData {
    "fileId": "2992",
    "expId": 2,
    "userId": "8",
    "filePath": "/archive/zip/2992.zip",
    "status": "300",
    "statusDescr": "ping_test:Fail;   ping_loop_test:Pass;   h1_iperf_h2h3_test:Pass;   h2h3_iperf_h1_test:Pass;   ",
    "test": null,
    "ip": "127.0.0.1"
}
2023-03-14 21:41:32 connect to master
2023-03-14 21:41:32 download finish
2023-03-14 21:42:27 returnData {
    "fileId": "2998",
    "expId": 2,
    "userId": "8",
    "filePath": "/archive/zip/2998.zip",
    "status": "300",
    "statusDescr": "ping_test:Fail;   ping_loop_test:Pass;   h1_iperf_h2h3_test:Pass;   h2h3_iperf_h1_test:Pass;   ",
    "test": null,
    "ip": "192.168.0.230"
}
2023-03-27 23:26:13 connect to master
2023-03-27 23:26:14 download finish
2023-03-27 23:26:18 returnData {
    "fileId": "3005",
    "expId": 13,
    "userId": "8",
    "filePath": "/archive/zip/3005.zip",
    "status": "100",
    "statusDescr": "http_301_test:Pass;   https_200_test:Pass;   http_200_test:Pass;   http_404_test:Pass;   http_in_dir_test:Pass;   http_range1_test:Pass;   http_range2_test:Pass;   ",
    "test": null,
    "ip": "192.168.0.230"
}
2023-03-28 16:33:05 connect to master
2023-03-28 16:33:05 download finish
2023-03-28 16:33:09 returnData {
    "fileId": "3006",
    "expId": 13,
    "userId": "360",
    "filePath": "/archive/zip/3006.zip",
    "status": "100",
    "statusDescr": "http_301_test:Pass;   https_200_test:Pass;   http_200_test:Pass;   http_404_test:Pass;   http_in_dir_test:Pass;   http_range1_test:Pass;   http_range2_test:Pass;   ",
    "test": null,
    "ip": "192.168.0.230"
}
2023-03-28 16:34:03 connect to master
2023-03-28 16:34:03 download finish
2023-03-28 16:34:07 returnData {
    "fileId": "3007",
    "expId": 13,
    "userId": "360",
    "filePath": "/archive/zip/3007.zip",
    "status": "100",
    "statusDescr": "http_301_test:Pass;   https_200_test:Pass;   http_200_test:Pass;   http_404_test:Pass;   http_in_dir_test:Pass;   http_range1_test:Pass;   http_range2_test:Pass;   ",
    "test": null,
    "ip": "192.168.0.230"
}
2023-04-11 14:38:48 connect to master
2023-04-11 14:38:49 download finish
2023-04-11 14:38:53 returnData {
    "fileId": "3226",
    "expId": 13,
    "userId": "8",
    "filePath": "/archive/zip/3226.zip",
    "status": "100",
    "statusDescr": "http_301_test:Pass;   https_200_test:Pass;   http_200_test:Pass;   http_404_test:Pass;   http_in_dir_test:Pass;   http_range1_test:Pass;   http_range2_test:Pass;   ",
    "test": null,
    "ip": "192.168.0.230"
}
2023-04-11 14:39:45 connect to master
2023-04-11 14:39:46 download finish
2023-04-11 14:40:40 returnData {
    "fileId": "3227",
    "expId": 14,
    "userId": "8",
    "filePath": "/archive/zip/3227.zip",
    "status": "300",
    "statusDescr": "ping_test:Fail;   ping_loop_test:Pass;   h1_iperf_h2h3_test:Pass;   h2h3_iperf_h1_test:Pass;   ",
    "test": null,
    "ip": "192.168.0.230"
}
2023-04-11 15:38:41 connect to master
2023-04-11 15:38:42 download finish
2023-04-11 15:39:58 connect to master
2023-04-11 15:39:58 download finish
2023-04-11 15:40:46 returnData {
    "fileId": "3240",
    "expId": 15,
    "userId": "8",
    "filePath": "/archive/zip/3240.zip",
    "status": "100",
    "statusDescr": "h1_iperf_h2h3_test:Pass;   h2h3_iperf_h1_test:Pass;   ",
    "test": null,
    "ip": "192.168.0.230"
}
2023-04-11 15:41:04 connect to master
2023-04-11 15:41:05 download finish
2023-04-11 15:41:52 returnData {
    "fileId": "3241",
    "expId": 15,
    "userId": "8",
    "filePath": "/archive/zip/3241.zip",
    "status": "100",
    "statusDescr": "h1_iperf_h2h3_test:Pass;   h2h3_iperf_h1_test:Pass;   ",
    "test": null,
    "ip": "192.168.0.230"
}
2023-04-11 16:02:45 connect to master
2023-04-11 16:02:45 download finish
2023-04-11 16:03:28 returnData {
    "fileId": "3242",
    "expId": 16,
    "userId": "8",
    "filePath": "/archive/zip/3242.zip",
    "status": "100",
    "statusDescr": "ring4_test:Pass;   ring8_test:Pass;   stpHub_test:Pass;   ",
    "test": null,
    "ip": "192.168.0.230"
}
2023-05-06 10:45:02 connect to master
2023-05-06 10:45:02 download finish
2023-05-06 10:45:41 returnData {
    "fileId": "3934",
    "expId": 17,
    "userId": "8",
    "filePath": "/archive/zip/3934.zip",
    "status": "100",
    "statusDescr": "h1_ping_r1_test:Pass;   h1_ping_h2_test:Pass;   h1_ping_h3_test:Pass;   h1_ping_uh_test:Pass;   h1_ping_un_test:Pass;   hop3_ping_test:Pass;   hop3_traceroute_test:Pass;   ",
    "test": null,
    "ip": "192.168.0.230"
}
2023-05-06 10:48:11 connect to master
2023-05-06 10:48:11 download finish
2023-05-06 10:48:49 returnData {
    "fileId": "3935",
    "expId": 17,
    "userId": "8",
    "filePath": "/archive/zip/3935.zip",
    "status": "100",
    "statusDescr": "h1_ping_r1_test:Pass;   h1_ping_h2_test:Pass;   h1_ping_h3_test:Pass;   h1_ping_uh_test:Pass;   h1_ping_un_test:Pass;   hop3_ping_test:Pass;   hop3_traceroute_test:Pass;   ",
    "test": null,
    "ip": "192.168.0.230"
}
2023-05-09 15:10:04 connect to master
2023-05-09 15:10:04 download finish
2023-05-09 15:10:48 returnData {
    "fileId": "3937",
    "expId": 16,
    "userId": "381",
    "filePath": "/archive/zip/3937.zip",
    "status": "300",
    "statusDescr": "ring4_test:Fail;   ring8_test:Fail;   stpHub_test:Fail;   ",
    "test": null,
    "ip": "192.168.0.230"
}
2023-05-09 16:13:31 connect to master
2023-05-09 16:13:32 download finish
2023-05-09 16:14:16 returnData {
    "fileId": "3938",
    "expId": 16,
    "userId": "381",
    "filePath": "/archive/zip/3938.zip",
    "status": "300",
    "statusDescr": "ring4_test:Fail;   ring8_test:Fail;   stpHub_test:Fail;   ",
    "test": null,
    "ip": "192.168.0.230"
}
2023-05-09 16:23:52 connect to master
2023-05-09 16:23:53 download finish
2023-05-09 16:24:36 returnData {
    "fileId": "3939",
    "expId": 16,
    "userId": "381",
    "filePath": "/archive/zip/3939.zip",
    "status": "300",
    "statusDescr": "ring4_test:Fail;   ring8_test:Fail;   stpHub_test:Fail;   ",
    "test": null,
    "ip": "192.168.0.230"
}
2023-05-09 16:50:17 connect to master
2023-05-09 16:50:17 download finish
2023-05-09 16:51:01 returnData {
    "fileId": "3940",
    "expId": 16,
    "userId": "381",
    "filePath": "/archive/zip/3940.zip",
    "status": "100",
    "statusDescr": "ring4_test:Pass;   ring8_test:Pass;   stpHub_test:Pass;   ",
    "test": null,
    "ip": "192.168.0.230"
}
2023-05-09 20:15:39 connect to master
2023-05-09 20:15:39 download finish
2023-05-09 20:16:19 returnData {
    "fileId": "3941",
    "expId": 17,
    "userId": "364",
    "filePath": "/archive/zip/3941.zip",
    "status": "300",
    "statusDescr": "h1_ping_r1_test:Pass;   h1_ping_h2_test:Pass;   h1_ping_h3_test:Pass;   h1_ping_uh_test:Pass;   h1_ping_un_test:Pass;   hop3_ping_test:Pass;   hop3_traceroute_test:Fail;   ",
    "test": null,
    "ip": "192.168.0.230"
}
2023-05-09 20:18:09 connect to master
2023-05-09 20:18:10 download finish
2023-05-09 20:18:10 returnData {
    "fileId": "3942",
    "expId": 17,
    "userId": "364",
    "filePath": "/archive/zip/3942.zip",
    "status": "200",
    "statusDescr": "编译失败",
    "test": null,
    "ip": "192.168.0.230"
}
2023-05-09 20:19:11 connect to master
2023-05-09 20:19:12 download finish
2023-05-09 20:20:21 returnData {
    "fileId": "3943",
    "expId": 17,
    "userId": "364",
    "filePath": "/archive/zip/3943.zip",
    "status": "300",
    "statusDescr": "h1_ping_r1_test:Pass;   h1_ping_h2_test:Pass;   h1_ping_h3_test:Pass;   h1_ping_uh_test:Pass;   h1_ping_un_test:Pass;   hop3_ping_test:Pass;   hop3_traceroute_test:Fail;   ",
    "test": null,
    "ip": "192.168.0.230"
}
2023-05-09 20:38:47 connect to master
2023-05-09 20:38:48 download finish
2023-05-09 20:39:56 returnData {
    "fileId": "3944",
    "expId": 17,
    "userId": "364",
    "filePath": "/archive/zip/3944.zip",
    "status": "100",
    "statusDescr": "h1_ping_r1_test:Pass;   h1_ping_h2_test:Pass;   h1_ping_h3_test:Pass;   h1_ping_uh_test:Pass;   h1_ping_un_test:Pass;   hop3_ping_test:Pass;   hop3_traceroute_test:Pass;   ",
    "test": null,
    "ip": "192.168.0.230"
}
2023-05-09 20:42:38 connect to master
2023-05-09 20:42:39 download finish
2023-05-09 20:43:48 returnData {
    "fileId": "3945",
    "expId": 17,
    "userId": "364",
    "filePath": "/archive/zip/3945.zip",
    "status": "300",
    "statusDescr": "h1_ping_r1_test:Pass;   h1_ping_h2_test:Pass;   h1_ping_h3_test:Pass;   h1_ping_uh_test:Pass;   h1_ping_un_test:Pass;   hop3_ping_test:Pass;   hop3_traceroute_test:Fail;   ",
    "test": null,
    "ip": "192.168.0.230"
}
2023-05-09 20:44:22 connect to master
2023-05-09 20:44:23 download finish
2023-05-09 20:45:32 returnData {
    "fileId": "3946",
    "expId": 17,
    "userId": "364",
    "filePath": "/archive/zip/3946.zip",
    "status": "300",
    "statusDescr": "h1_ping_r1_test:Pass;   h1_ping_h2_test:Pass;   h1_ping_h3_test:Pass;   h1_ping_uh_test:Pass;   h1_ping_un_test:Pass;   hop3_ping_test:Pass;   hop3_traceroute_test:Fail;   ",
    "test": null,
    "ip": "192.168.0.230"
}
2023-05-09 20:47:20 connect to master
2023-05-09 20:47:20 download finish
2023-05-09 20:48:29 returnData {
    "fileId": "3947",
    "expId": 17,
    "userId": "364",
    "filePath": "/archive/zip/3947.zip",
    "status": "300",
    "statusDescr": "h1_ping_r1_test:Pass;   h1_ping_h2_test:Pass;   h1_ping_h3_test:Pass;   h1_ping_uh_test:Pass;   h1_ping_un_test:Pass;   hop3_ping_test:Pass;   hop3_traceroute_test:Fail;   ",
    "test": null,
    "ip": "192.168.0.230"
}
2023-05-09 20:49:59 connect to master
2023-05-09 20:50:00 download finish
2023-05-09 20:50:39 returnData {
    "fileId": "3948",
    "expId": 17,
    "userId": "364",
    "filePath": "/archive/zip/3948.zip",
    "status": "300",
    "statusDescr": "h1_ping_r1_test:Pass;   h1_ping_h2_test:Pass;   h1_ping_h3_test:Pass;   h1_ping_uh_test:Pass;   h1_ping_un_test:Pass;   hop3_ping_test:Pass;   hop3_traceroute_test:Fail;   ",
    "test": null,
    "ip": "192.168.0.230"
}
2023-05-09 20:59:50 connect to master
2023-05-09 20:59:50 download finish
2023-05-09 21:00:59 returnData {
    "fileId": "3949",
    "expId": 17,
    "userId": "364",
    "filePath": "/archive/zip/3949.zip",
    "status": "300",
    "statusDescr": "h1_ping_r1_test:Pass;   h1_ping_h2_test:Pass;   h1_ping_h3_test:Pass;   h1_ping_uh_test:Pass;   h1_ping_un_test:Pass;   hop3_ping_test:Pass;   hop3_traceroute_test:Fail;   ",
    "test": null,
    "ip": "192.168.0.230"
}
2023-05-09 21:15:10 connect to master
2023-05-09 21:15:10 download finish
2023-05-09 21:15:10 returnData {
    "fileId": "3950",
    "expId": 17,
    "userId": "364",
    "filePath": "/archive/zip/3950.zip",
    "status": "200",
    "statusDescr": "编译失败",
    "test": null,
    "ip": "192.168.0.230"
}
2023-05-09 21:38:31 connect to master
2023-05-09 21:38:31 download finish
2023-05-09 21:40:46 returnData {
    "fileId": "3951",
    "expId": 17,
    "userId": "364",
    "filePath": "/archive/zip/3951.zip",
    "status": "300",
    "statusDescr": "h1_ping_r1_test:Pass;   h1_ping_h2_test:Pass;   h1_ping_h3_test:Pass;   h1_ping_uh_test:Fail;   h1_ping_un_test:Fail;   hop3_ping_test:Pass;   hop3_traceroute_test:Fail;   ",
    "test": null,
    "ip": "192.168.0.230"
}
2023-05-09 21:43:38 connect to master
2023-05-09 21:43:38 download finish
2023-05-09 21:44:48 returnData {
    "fileId": "3952",
    "expId": 17,
    "userId": "364",
    "filePath": "/archive/zip/3952.zip",
    "status": "100",
    "statusDescr": "h1_ping_r1_test:Pass;   h1_ping_h2_test:Pass;   h1_ping_h3_test:Pass;   h1_ping_uh_test:Pass;   h1_ping_un_test:Pass;   hop3_ping_test:Pass;   hop3_traceroute_test:Pass;   ",
    "test": null,
    "ip": "192.168.0.230"
}
2023-05-09 21:45:40 connect to master
2023-05-09 21:45:40 download finish
2023-05-09 21:46:49 returnData {
    "fileId": "3953",
    "expId": 17,
    "userId": "364",
    "filePath": "/archive/zip/3953.zip",
    "status": "300",
    "statusDescr": "h1_ping_r1_test:Pass;   h1_ping_h2_test:Pass;   h1_ping_h3_test:Pass;   h1_ping_uh_test:Pass;   h1_ping_un_test:Pass;   hop3_ping_test:Pass;   hop3_traceroute_test:Fail;   ",
    "test": null,
    "ip": "192.168.0.230"
}
2023-05-09 21:57:43 connect to master
2023-05-09 21:57:43 download finish
2023-05-09 21:59:58 returnData {
    "fileId": "3954",
    "expId": 17,
    "userId": "364",
    "filePath": "/archive/zip/3954.zip",
    "status": "300",
    "statusDescr": "h1_ping_r1_test:Pass;   h1_ping_h2_test:Pass;   h1_ping_h3_test:Pass;   h1_ping_uh_test:Fail;   h1_ping_un_test:Fail;   hop3_ping_test:Pass;   hop3_traceroute_test:Fail;   ",
    "test": null,
    "ip": "192.168.0.230"
}
2023-05-09 22:00:49 connect to master
2023-05-09 22:00:49 download finish
2023-05-09 22:03:03 returnData {
    "fileId": "3955",
    "expId": 17,
    "userId": "364",
    "filePath": "/archive/zip/3955.zip",
    "status": "300",
    "statusDescr": "h1_ping_r1_test:Pass;   h1_ping_h2_test:Pass;   h1_ping_h3_test:Pass;   h1_ping_uh_test:Fail;   h1_ping_un_test:Fail;   hop3_ping_test:Pass;   hop3_traceroute_test:Fail;   ",
    "test": null,
    "ip": "192.168.0.230"
}
2023-05-09 22:17:43 connect to master
2023-05-09 22:17:43 download finish
2023-05-09 22:19:57 returnData {
    "fileId": "3956",
    "expId": 17,
    "userId": "364",
    "filePath": "/archive/zip/3956.zip",
    "status": "300",
    "statusDescr": "h1_ping_r1_test:Pass;   h1_ping_h2_test:Pass;   h1_ping_h3_test:Pass;   h1_ping_uh_test:Fail;   h1_ping_un_test:Fail;   hop3_ping_test:Pass;   hop3_traceroute_test:Fail;   ",
    "test": null,
    "ip": "192.168.0.230"
}
2023-05-10 14:38:52 connect to master
2023-05-10 14:38:52 download finish
2023-05-10 14:41:06 returnData {
    "fileId": "3957",
    "expId": 17,
    "userId": "364",
    "filePath": "/archive/zip/3957.zip",
    "status": "300",
    "statusDescr": "h1_ping_r1_test:Pass;   h1_ping_h2_test:Pass;   h1_ping_h3_test:Pass;   h1_ping_uh_test:Fail;   h1_ping_un_test:Fail;   hop3_ping_test:Pass;   hop3_traceroute_test:Fail;   ",
    "test": null,
    "ip": "192.168.0.230"
}
2023-05-10 14:45:34 connect to master
2023-05-10 14:45:34 download finish
2023-05-10 14:47:49 returnData {
    "fileId": "3958",
    "expId": 17,
    "userId": "364",
    "filePath": "/archive/zip/3958.zip",
    "status": "300",
    "statusDescr": "h1_ping_r1_test:Pass;   h1_ping_h2_test:Pass;   h1_ping_h3_test:Pass;   h1_ping_uh_test:Fail;   h1_ping_un_test:Fail;   hop3_ping_test:Pass;   hop3_traceroute_test:Fail;   ",
    "test": null,
    "ip": "192.168.0.230"
}
2023-05-10 16:51:52 connect to master
2023-05-10 16:51:53 download finish
2023-05-10 16:51:53 returnData {
    "fileId": "3959",
    "expId": 17,
    "userId": "382",
    "filePath": "/archive/zip/3959.zip",
    "status": "200",
    "statusDescr": "编译失败",
    "test": null,
    "ip": "192.168.0.230"
}
2023-05-10 16:53:55 connect to master
2023-05-10 16:53:55 download finish
2023-05-10 16:55:06 returnData {
    "fileId": "3960",
    "expId": 17,
    "userId": "382",
    "filePath": "/archive/zip/3960.zip",
    "status": "100",
    "statusDescr": "h1_ping_r1_test:Pass;   h1_ping_h2_test:Pass;   h1_ping_h3_test:Pass;   h1_ping_uh_test:Pass;   h1_ping_un_test:Pass;   hop3_ping_test:Pass;   hop3_traceroute_test:Pass;   ",
    "test": null,
    "ip": "192.168.0.230"
}
2023-05-10 21:18:11 connect to master
2023-05-10 21:18:11 download finish
2023-05-10 21:18:56 returnData {
    "fileId": "3961",
    "expId": 17,
    "userId": "366",
    "filePath": "/archive/zip/3961.zip",
    "status": "100",
    "statusDescr": "h1_ping_r1_test:Pass;   h1_ping_h2_test:Pass;   h1_ping_h3_test:Pass;   h1_ping_uh_test:Pass;   h1_ping_un_test:Pass;   hop3_ping_test:Pass;   hop3_traceroute_test:Pass;   ",
    "test": null,
    "ip": "192.168.0.230"
}
2023-05-11 09:09:33 connect to master
2023-05-11 09:09:34 download finish
2023-05-11 09:09:34 returnData {
    "fileId": "3962",
    "expId": 17,
    "userId": "382",
    "filePath": "/archive/zip/3962.zip",
    "status": "200",
    "statusDescr": "编译失败",
    "test": null,
    "ip": "192.168.0.230"
}
2023-05-11 09:12:05 connect to master
2023-05-11 09:12:05 download finish
2023-05-11 09:13:16 returnData {
    "fileId": "3963",
    "expId": 17,
    "userId": "382",
    "filePath": "/archive/zip/3963.zip",
    "status": "100",
    "statusDescr": "h1_ping_r1_test:Pass;   h1_ping_h2_test:Pass;   h1_ping_h3_test:Pass;   h1_ping_uh_test:Pass;   h1_ping_un_test:Pass;   hop3_ping_test:Pass;   hop3_traceroute_test:Pass;   ",
    "test": null,
    "ip": "192.168.0.230"
}
2023-05-11 09:16:59 connect to master
2023-05-11 09:17:00 download finish
2023-05-11 09:19:05 returnData {
    "fileId": "3964",
    "expId": 17,
    "userId": "382",
    "filePath": "/archive/zip/3964.zip",
    "status": "300",
    "statusDescr": "h1_ping_r1_test:Pass;   h1_ping_h2_test:Pass;   h1_ping_h3_test:Pass;   h1_ping_uh_test:Fail;   h1_ping_un_test:Pass;   hop3_ping_test:Pass;   hop3_traceroute_test:Fail;   ",
    "test": null,
    "ip": "192.168.0.230"
}
2023-05-11 09:22:58 connect to master
2023-05-11 09:22:58 download finish
2023-05-11 09:24:08 returnData {
    "fileId": "3965",
    "expId": 17,
    "userId": "382",
    "filePath": "/archive/zip/3965.zip",
    "status": "100",
    "statusDescr": "h1_ping_r1_test:Pass;   h1_ping_h2_test:Pass;   h1_ping_h3_test:Pass;   h1_ping_uh_test:Pass;   h1_ping_un_test:Pass;   hop3_ping_test:Pass;   hop3_traceroute_test:Pass;   ",
    "test": null,
    "ip": "192.168.0.230"
}
2023-05-11 09:28:38 connect to master
2023-05-11 09:28:38 download finish
2023-05-11 09:29:49 returnData {
    "fileId": "3966",
    "expId": 17,
    "userId": "382",
    "filePath": "/archive/zip/3966.zip",
    "status": "100",
    "statusDescr": "h1_ping_r1_test:Pass;   h1_ping_h2_test:Pass;   h1_ping_h3_test:Pass;   h1_ping_uh_test:Pass;   h1_ping_un_test:Pass;   hop3_ping_test:Pass;   hop3_traceroute_test:Pass;   ",
    "test": null,
    "ip": "192.168.0.230"
}
2023-05-11 09:31:53 connect to master
2023-05-11 09:31:54 download finish
2023-05-11 09:33:04 returnData {
    "fileId": "3967",
    "expId": 17,
    "userId": "382",
    "filePath": "/archive/zip/3967.zip",
    "status": "100",
    "statusDescr": "h1_ping_r1_test:Pass;   h1_ping_h2_test:Pass;   h1_ping_h3_test:Pass;   h1_ping_uh_test:Pass;   h1_ping_un_test:Pass;   hop3_ping_test:Pass;   hop3_traceroute_test:Pass;   ",
    "test": null,
    "ip": "192.168.0.230"
}
2023-05-11 09:36:41 connect to master
2023-05-11 09:36:41 download finish
2023-05-11 09:37:52 returnData {
    "fileId": "3968",
    "expId": 17,
    "userId": "382",
    "filePath": "/archive/zip/3968.zip",
    "status": "100",
    "statusDescr": "h1_ping_r1_test:Pass;   h1_ping_h2_test:Pass;   h1_ping_h3_test:Pass;   h1_ping_uh_test:Pass;   h1_ping_un_test:Pass;   hop3_ping_test:Pass;   hop3_traceroute_test:Pass;   ",
    "test": null,
    "ip": "192.168.0.230"
}
2023-05-11 09:43:17 connect to master
2023-05-11 09:43:17 download finish
2023-05-11 09:44:28 returnData {
    "fileId": "3969",
    "expId": 17,
    "userId": "382",
    "filePath": "/archive/zip/3969.zip",
    "status": "100",
    "statusDescr": "h1_ping_r1_test:Pass;   h1_ping_h2_test:Pass;   h1_ping_h3_test:Pass;   h1_ping_uh_test:Pass;   h1_ping_un_test:Pass;   hop3_ping_test:Pass;   hop3_traceroute_test:Pass;   ",
    "test": null,
    "ip": "192.168.0.230"
}
2023-05-11 09:49:13 connect to master
2023-05-11 09:49:13 download finish
2023-05-11 09:50:24 returnData {
    "fileId": "3970",
    "expId": 17,
    "userId": "382",
    "filePath": "/archive/zip/3970.zip",
    "status": "100",
    "statusDescr": "h1_ping_r1_test:Pass;   h1_ping_h2_test:Pass;   h1_ping_h3_test:Pass;   h1_ping_uh_test:Pass;   h1_ping_un_test:Pass;   hop3_ping_test:Pass;   hop3_traceroute_test:Pass;   ",
    "test": null,
    "ip": "192.168.0.230"
}
2023-05-11 09:53:52 connect to master
2023-05-11 09:53:52 download finish
2023-05-11 09:55:03 returnData {
    "fileId": "3971",
    "expId": 17,
    "userId": "382",
    "filePath": "/archive/zip/3971.zip",
    "status": "100",
    "statusDescr": "h1_ping_r1_test:Pass;   h1_ping_h2_test:Pass;   h1_ping_h3_test:Pass;   h1_ping_uh_test:Pass;   h1_ping_un_test:Pass;   hop3_ping_test:Pass;   hop3_traceroute_test:Pass;   ",
    "test": null,
    "ip": "192.168.0.230"
}
2023-05-11 10:08:42 connect to master
2023-05-11 10:08:43 download finish
2023-05-11 10:09:54 returnData {
    "fileId": "3972",
    "expId": 17,
    "userId": "382",
    "filePath": "/archive/zip/3972.zip",
    "status": "100",
    "statusDescr": "h1_ping_r1_test:Pass;   h1_ping_h2_test:Pass;   h1_ping_h3_test:Pass;   h1_ping_uh_test:Pass;   h1_ping_un_test:Pass;   hop3_ping_test:Pass;   hop3_traceroute_test:Pass;   ",
    "test": null,
    "ip": "192.168.0.230"
}
2023-05-11 10:18:45 connect to master
2023-05-11 10:18:45 download finish
2023-05-11 10:19:56 returnData {
    "fileId": "3973",
    "expId": 17,
    "userId": "382",
    "filePath": "/archive/zip/3973.zip",
    "status": "100",
    "statusDescr": "h1_ping_r1_test:Pass;   h1_ping_h2_test:Pass;   h1_ping_h3_test:Pass;   h1_ping_uh_test:Pass;   h1_ping_un_test:Pass;   hop3_ping_test:Pass;   hop3_traceroute_test:Pass;   ",
    "test": null,
    "ip": "192.168.0.230"
}
2023-05-11 10:36:45 connect to master
2023-05-11 10:36:46 download finish
2023-05-11 10:36:46 returnData {
    "fileId": "3974",
    "expId": 17,
    "userId": "382",
    "filePath": "/archive/zip/3974.zip",
    "status": "200",
    "statusDescr": "编译失败",
    "test": null,
    "ip": "192.168.0.230"
}
2023-05-11 10:39:45 connect to master
2023-05-11 10:39:45 download finish
2023-05-11 10:39:46 returnData {
    "fileId": "3975",
    "expId": 17,
    "userId": "382",
    "filePath": "/archive/zip/3975.zip",
    "status": "200",
    "statusDescr": "编译失败",
    "test": null,
    "ip": "192.168.0.230"
}
2023-05-11 10:42:25 connect to master
2023-05-11 10:42:26 download finish
2023-05-11 10:42:26 returnData {
    "fileId": "3976",
    "expId": 17,
    "userId": "382",
    "filePath": "/archive/zip/3976.zip",
    "status": "200",
    "statusDescr": "编译失败",
    "test": null,
    "ip": "192.168.0.230"
}
2023-05-11 10:43:02 connect to master
2023-05-11 10:43:03 download finish
2023-05-11 10:44:14 returnData {
    "fileId": "3977",
    "expId": 17,
    "userId": "382",
    "filePath": "/archive/zip/3977.zip",
    "status": "100",
    "statusDescr": "h1_ping_r1_test:Pass;   h1_ping_h2_test:Pass;   h1_ping_h3_test:Pass;   h1_ping_uh_test:Pass;   h1_ping_un_test:Pass;   hop3_ping_test:Pass;   hop3_traceroute_test:Pass;   ",
    "test": null,
    "ip": "192.168.0.230"
}
2023-05-11 10:44:30 connect to master
2023-05-11 10:44:30 download finish
2023-05-11 10:44:30 returnData {
    "fileId": "3978",
    "expId": 17,
    "userId": "382",
    "filePath": "/archive/zip/3978.zip",
    "status": "200",
    "statusDescr": "编译失败",
    "test": null,
    "ip": "192.168.0.230"
}
2023-05-11 10:45:43 connect to master
2023-05-11 10:45:44 download finish
2023-05-11 10:45:44 returnData {
    "fileId": "3979",
    "expId": 17,
    "userId": "382",
    "filePath": "/archive/zip/3979.zip",
    "status": "200",
    "statusDescr": "编译失败",
    "test": null,
    "ip": "192.168.0.230"
}
2023-05-11 10:46:46 connect to master
2023-05-11 10:46:46 download finish
2023-05-11 10:47:58 returnData {
    "fileId": "3980",
    "expId": 17,
    "userId": "382",
    "filePath": "/archive/zip/3980.zip",
    "status": "100",
    "statusDescr": "h1_ping_r1_test:Pass;   h1_ping_h2_test:Pass;   h1_ping_h3_test:Pass;   h1_ping_uh_test:Pass;   h1_ping_un_test:Pass;   hop3_ping_test:Pass;   hop3_traceroute_test:Pass;   ",
    "test": null,
    "ip": "192.168.0.230"
}
2023-05-11 10:51:35 connect to master
2023-05-11 10:51:36 download finish
2023-05-11 10:52:46 returnData {
    "fileId": "3982",
    "expId": 17,
    "userId": "382",
    "filePath": "/archive/zip/3982.zip",
    "status": "100",
    "statusDescr": "h1_ping_r1_test:Pass;   h1_ping_h2_test:Pass;   h1_ping_h3_test:Pass;   h1_ping_uh_test:Pass;   h1_ping_un_test:Pass;   hop3_ping_test:Pass;   hop3_traceroute_test:Pass;   ",
    "test": null,
    "ip": "192.168.0.230"
}
2023-05-11 11:02:37 connect to master
2023-05-11 11:02:38 download finish
2023-05-11 11:03:47 returnData {
    "fileId": "3983",
    "expId": 17,
    "userId": "382",
    "filePath": "/archive/zip/3983.zip",
    "status": "100",
    "statusDescr": "h1_ping_r1_test:Pass;   h1_ping_h2_test:Pass;   h1_ping_h3_test:Pass;   h1_ping_uh_test:Pass;   h1_ping_un_test:Pass;   hop3_ping_test:Pass;   hop3_traceroute_test:Pass;   ",
    "test": null,
    "ip": "192.168.0.230"
}
2023-05-11 11:08:24 connect to master
2023-05-11 11:08:24 download finish
2023-05-11 11:09:34 returnData {
    "fileId": "3984",
    "expId": 17,
    "userId": "382",
    "filePath": "/archive/zip/3984.zip",
    "status": "100",
    "statusDescr": "h1_ping_r1_test:Pass;   h1_ping_h2_test:Pass;   h1_ping_h3_test:Pass;   h1_ping_uh_test:Pass;   h1_ping_un_test:Pass;   hop3_ping_test:Pass;   hop3_traceroute_test:Pass;   ",
    "test": null,
    "ip": "192.168.0.230"
}
2023-05-11 11:13:19 connect to master
2023-05-11 11:13:20 download finish
2023-05-11 11:13:20 returnData {
    "fileId": "3986",
    "expId": 17,
    "userId": "382",
    "filePath": "/archive/zip/3986.zip",
    "status": "200",
    "statusDescr": "编译失败",
    "test": null,
    "ip": "192.168.0.230"
}
2023-05-11 11:14:30 connect to master
2023-05-11 11:14:30 download finish
2023-05-11 11:15:40 returnData {
    "fileId": "3987",
    "expId": 17,
    "userId": "382",
    "filePath": "/archive/zip/3987.zip",
    "status": "100",
    "statusDescr": "h1_ping_r1_test:Pass;   h1_ping_h2_test:Pass;   h1_ping_h3_test:Pass;   h1_ping_uh_test:Pass;   h1_ping_un_test:Pass;   hop3_ping_test:Pass;   hop3_traceroute_test:Pass;   ",
    "test": null,
    "ip": "192.168.0.230"
}
2023-05-11 11:15:57 connect to master
2023-05-11 11:15:57 download finish
2023-05-11 11:17:07 returnData {
    "fileId": "3988",
    "expId": 17,
    "userId": "382",
    "filePath": "/archive/zip/3988.zip",
    "status": "100",
    "statusDescr": "h1_ping_r1_test:Pass;   h1_ping_h2_test:Pass;   h1_ping_h3_test:Pass;   h1_ping_uh_test:Pass;   h1_ping_un_test:Pass;   hop3_ping_test:Pass;   hop3_traceroute_test:Pass;   ",
    "test": null,
    "ip": "192.168.0.230"
}
2023-05-11 11:27:45 connect to master
2023-05-11 11:27:45 download finish
2023-05-11 11:27:46 returnData {
    "fileId": "3990",
    "expId": 17,
    "userId": "382",
    "filePath": "/archive/zip/3990.zip",
    "status": "200",
    "statusDescr": "编译失败",
    "test": null,
    "ip": "192.168.0.230"
}
2023-05-11 11:28:43 connect to master
2023-05-11 11:28:44 download finish
2023-05-11 11:29:54 returnData {
    "fileId": "3991",
    "expId": 17,
    "userId": "382",
    "filePath": "/archive/zip/3991.zip",
    "status": "100",
    "statusDescr": "h1_ping_r1_test:Pass;   h1_ping_h2_test:Pass;   h1_ping_h3_test:Pass;   h1_ping_uh_test:Pass;   h1_ping_un_test:Pass;   hop3_ping_test:Pass;   hop3_traceroute_test:Pass;   ",
    "test": null,
    "ip": "192.168.0.230"
}
2023-05-11 11:29:55 connect to master
2023-05-11 11:29:56 download finish
2023-05-11 11:31:06 returnData {
    "fileId": "3993",
    "expId": 17,
    "userId": "382",
    "filePath": "/archive/zip/3993.zip",
    "status": "100",
    "statusDescr": "h1_ping_r1_test:Pass;   h1_ping_h2_test:Pass;   h1_ping_h3_test:Pass;   h1_ping_uh_test:Pass;   h1_ping_un_test:Pass;   hop3_ping_test:Pass;   hop3_traceroute_test:Pass;   ",
    "test": null,
    "ip": "192.168.0.230"
}
2023-05-11 11:32:40 connect to master
2023-05-11 11:32:40 download finish
2023-05-11 11:33:51 returnData {
    "fileId": "3994",
    "expId": 17,
    "userId": "382",
    "filePath": "/archive/zip/3994.zip",
    "status": "100",
    "statusDescr": "h1_ping_r1_test:Pass;   h1_ping_h2_test:Pass;   h1_ping_h3_test:Pass;   h1_ping_uh_test:Pass;   h1_ping_un_test:Pass;   hop3_ping_test:Pass;   hop3_traceroute_test:Pass;   ",
    "test": null,
    "ip": "192.168.0.230"
}
2023-05-11 11:35:52 connect to master
2023-05-11 11:35:52 download finish
2023-05-11 11:36:33 returnData {
    "fileId": "3996",
    "expId": 17,
    "userId": "378",
    "filePath": "/archive/zip/3996.zip",
    "status": "100",
    "statusDescr": "h1_ping_r1_test:Pass;   h1_ping_h2_test:Pass;   h1_ping_h3_test:Pass;   h1_ping_uh_test:Pass;   h1_ping_un_test:Pass;   hop3_ping_test:Pass;   hop3_traceroute_test:Pass;   ",
    "test": null,
    "ip": "192.168.0.230"
}
2023-05-11 16:10:10 connect to master
2023-05-11 16:10:11 download finish
2023-05-11 16:10:50 returnData {
    "fileId": "3997",
    "expId": 17,
    "userId": "377",
    "filePath": "/archive/zip/3997.zip",
    "status": "100",
    "statusDescr": "h1_ping_r1_test:Pass;   h1_ping_h2_test:Pass;   h1_ping_h3_test:Pass;   h1_ping_uh_test:Pass;   h1_ping_un_test:Pass;   hop3_ping_test:Pass;   hop3_traceroute_test:Pass;   ",
    "test": null,
    "ip": "192.168.0.230"
}
2023-05-11 16:11:48 connect to master
2023-05-11 16:11:48 download finish
2023-05-11 16:12:40 returnData {
    "fileId": "3998",
    "expId": 17,
    "userId": "377",
    "filePath": "/archive/zip/3998.zip",
    "status": "300",
    "statusDescr": "h1_ping_r1_test:Pass;   h1_ping_h2_test:Pass;   h1_ping_h3_test:Pass;   h1_ping_uh_test:Pass;   h1_ping_un_test:Fail;   hop3_ping_test:Pass;   hop3_traceroute_test:Fail;   ",
    "test": null,
    "ip": "192.168.0.230"
}
2023-05-11 20:23:45 connect to master
2023-05-11 20:23:46 download finish
2023-05-11 20:23:46 returnData {
    "fileId": "3999",
    "expId": 17,
    "userId": "377",
    "filePath": "/archive/zip/3999.zip",
    "status": "200",
    "statusDescr": "编译失败",
    "test": null,
    "ip": "192.168.0.230"
}
2023-05-11 20:44:50 connect to master
2023-05-11 20:44:50 download finish
2023-05-11 20:45:31 returnData {
    "fileId": "4000",
    "expId": 17,
    "userId": "377",
    "filePath": "/archive/zip/4000.zip",
    "status": "100",
    "statusDescr": "h1_ping_r1_test:Pass;   h1_ping_h2_test:Pass;   h1_ping_h3_test:Pass;   h1_ping_uh_test:Pass;   h1_ping_un_test:Pass;   hop3_ping_test:Pass;   hop3_traceroute_test:Pass;   ",
    "test": null,
    "ip": "192.168.0.230"
}
2023-05-12 10:27:52 connect to master
2023-05-12 10:27:52 download finish
2023-05-12 10:27:53 returnData {
    "fileId": "4001",
    "expId": 17,
    "userId": "391",
    "filePath": "/archive/zip/4001.zip",
    "status": "200",
    "statusDescr": "编译失败",
    "test": null,
    "ip": "192.168.0.230"
}
2023-05-12 11:09:16 connect to master
2023-05-12 11:09:16 download finish
2023-05-12 11:09:55 returnData {
    "fileId": "4002",
    "expId": 17,
    "userId": "391",
    "filePath": "/archive/zip/4002.zip",
    "status": "100",
    "statusDescr": "h1_ping_r1_test:Pass;   h1_ping_h2_test:Pass;   h1_ping_h3_test:Pass;   h1_ping_uh_test:Pass;   h1_ping_un_test:Pass;   hop3_ping_test:Pass;   hop3_traceroute_test:Pass;   ",
    "test": null,
    "ip": "192.168.0.230"
}
2023-05-12 11:19:28 connect to master
2023-05-12 11:19:28 download finish
2023-05-12 11:20:37 returnData {
    "fileId": "4003",
    "expId": 17,
    "userId": "360",
    "filePath": "/archive/zip/4003.zip",
    "status": "100",
    "statusDescr": "h1_ping_r1_test:Pass;   h1_ping_h2_test:Pass;   h1_ping_h3_test:Pass;   h1_ping_uh_test:Pass;   h1_ping_un_test:Pass;   hop3_ping_test:Pass;   hop3_traceroute_test:Pass;   ",
    "test": null,
    "ip": "192.168.0.230"
}
2023-05-12 11:22:00 connect to master
2023-05-12 11:22:00 download finish
2023-05-12 11:22:00 returnData {
    "fileId": "4004",
    "expId": 17,
    "userId": "360",
    "filePath": "/archive/zip/4004.zip",
    "status": "200",
    "statusDescr": "编译失败",
    "test": null,
    "ip": "192.168.0.230"
}
2023-05-12 16:54:53 connect to master
2023-05-12 16:54:53 download finish
2023-05-12 16:54:54 returnData {
    "fileId": "4005",
    "expId": 17,
    "userId": "364",
    "filePath": "/archive/zip/4005.zip",
    "status": "200",
    "statusDescr": "编译失败",
    "test": null,
    "ip": "192.168.0.230"
}
2023-05-12 16:58:28 connect to master
2023-05-12 16:58:28 download finish
